#
# There is insufficient memory for the Java Runtime Environment to continue.
# Native memory allocation (malloc) failed to allocate 1048576 bytes for AllocateHeap
# Possible reasons:
#   The system is out of physical RAM or swap space
#   The process is running with CompressedOops enabled, and the Java Heap may be blocking the growth of the native heap
# Possible solutions:
#   Reduce memory load on the system
#   Increase physical memory or swap space
#   Check if swap backing store is full
#   Decrease Java heap size (-Xmx/-Xms)
#   Decrease number of Java threads
#   Decrease Java thread stack sizes (-Xss)
#   Set larger code cache with -XX:ReservedCodeCacheSize=
#   JVM is running with Zero Based Compressed Oops mode in which the Java heap is
#     placed in the first 32GB address space. The Java Heap base address is the
#     maximum limit for the native heap growth. Please use -XX:HeapBaseMinAddress
#     to set the Java Heap base and to place the Java Heap above 32GB virtual address.
# This output file may be truncated or incomplete.
#
#  Out of Memory Error (memory/allocation.inline.hpp:61), pid=15872, tid=0x00000000000030d0
#
# JRE version:  (8.0_242-b01) (build )
# Java VM: OpenJDK 64-Bit Server VM (25.242-b01 mixed mode windows-amd64 compressed oops)
# Failed to write core dump. Minidumps are not enabled by default on client versions of Windows
#

---------------  T H R E A D  ---------------

Current thread (0x000000000233e000):  JavaThread "Unknown thread" [_thread_in_vm, id=12496, stack(0x0000000002030000,0x0000000002130000)]

Stack: [0x0000000002030000,0x0000000002130000]
[error occurred during error reporting (printing stack bounds), id 0xc0000005]

Native frames: (J=compiled Java code, j=interpreted, Vv=VM code, C=native code)


---------------  P R O C E S S  ---------------

Java Threads: ( => current thread )

Other Threads:

=>0x000000000233e000 (exited) JavaThread "Unknown thread" [_thread_in_vm, id=12496, stack(0x0000000002030000,0x0000000002130000)]

VM state:not at safepoint (normal execution)

VM Mutex/Monitor currently owned by a thread: None

heap address: 0x0000000701800000, size: 3048 MB, Compressed Oops mode: Zero based, Oop shift amount: 3
Narrow klass base: 0x0000000000000000, Narrow klass shift: 3
Compressed class space size: 1073741824 Address: 0x00000007c0000000

Heap:
 PSYoungGen      total 57344K, used 983K [0x0000000780800000, 0x0000000784800000, 0x00000007c0000000)
  eden space 49152K, 2% used [0x0000000780800000,0x00000007808f5c38,0x0000000783800000)
  from space 8192K, 0% used [0x0000000784000000,0x0000000784000000,0x0000000784800000)
  to   space 8192K, 0% used [0x0000000783800000,0x0000000783800000,0x0000000784000000)
 ParOldGen       total 131072K, used 0K [0x0000000701800000, 0x0000000709800000, 0x0000000780800000)
  object space 131072K, 0% used [0x0000000701800000,0x0000000701800000,0x0000000709800000)
 Metaspace       used 779K, capacity 4480K, committed 4480K, reserved 1056768K
  class space    used 74K, capacity 384K, committed 384K, reserved 1048576K

Card table byte_map: [0x0000000011800000,0x0000000011e00000] byte_map_base: 0x000000000dff4000

Marking Bits: (ParMarkBitMap*) 0x000000007038f030
 Begin Bits: [0x0000000012600000, 0x00000000155a0000)
 End Bits:   [0x00000000155a0000, 0x0000000018540000)

Polling page: 0x0000000002130000

CodeCache: size=245760Kb used=328Kb max_used=328Kb free=245431Kb
 bounds [0x0000000002440000, 0x00000000026b0000, 0x0000000011440000]
 total_blobs=57 nmethods=0 adapters=38
 compilation: enabled

Compilation events (0 events):
No events

GC Heap History (0 events):
No events

Deoptimization events (0 events):
No events

Classes redefined (0 events):
No events

Internal exceptions (0 events):
No events

Events (10 events):
Event: 0.109 loading class java/lang/Short
Event: 0.109 loading class java/lang/Short done
Event: 0.109 loading class java/lang/Integer
Event: 0.110 loading class java/lang/Integer done
Event: 0.110 loading class java/lang/Long
Event: 0.110 loading class java/lang/Long done
Event: 0.112 loading class java/lang/NullPointerException
Event: 0.112 loading class java/lang/NullPointerException done
Event: 0.112 loading class java/lang/ArithmeticException
Event: 0.112 loading class java/lang/ArithmeticException done


Dynamic libraries:
0x00007ff723d40000 - 0x00007ff723d71000 	C:\Program Files\Android\Android Studio\jre\bin\java.exe
0x00007ffdee3f0000 - 0x00007ffdee59c000 	C:\Windows\SYSTEM32\ntdll.dll
0x00007ffdee250000 - 0x00007ffdee38e000 	C:\Windows\system32\KERNEL32.DLL
0x00007ffdeb8f0000 - 0x00007ffdeba05000 	C:\Windows\system32\KERNELBASE.dll
0x00007ffded9d0000 - 0x00007ffdeda7a000 	C:\Windows\system32\ADVAPI32.dll
0x00007ffdeda80000 - 0x00007ffdedbf7000 	C:\Windows\system32\USER32.dll
0x00007ffde9630000 - 0x00007ffde98ab000 	C:\Windows\WinSxS\amd64_microsoft.windows.common-controls_6595b64144ccf1df_6.0.9600.17415_none_6240486fecbd8abb\COMCTL32.dll
0x00007ffdedd80000 - 0x00007ffdede2a000 	C:\Windows\system32\msvcrt.dll
0x00007ffdedd20000 - 0x00007ffdedd79000 	C:\Windows\SYSTEM32\sechost.dll
0x00007ffded2f0000 - 0x00007ffded431000 	C:\Windows\system32\RPCRT4.dll
0x00007ffdee0b0000 - 0x00007ffdee201000 	C:\Windows\system32\GDI32.dll
0x00007ffdee210000 - 0x00007ffdee246000 	C:\Windows\system32\IMM32.DLL
0x00007ffded860000 - 0x00007ffded9b2000 	C:\Windows\system32\MSCTF.dll
0x000000006fae0000 - 0x000000006fbb2000 	C:\Program Files\Android\Android Studio\jre\jre\bin\msvcr100.dll
0x000000006fbc0000 - 0x000000007040b000 	C:\Program Files\Android\Android Studio\jre\jre\bin\server\jvm.dll
0x00007ffdd55c0000 - 0x00007ffdd55c9000 	C:\Windows\SYSTEM32\WSOCK32.dll
0x00007ffdd5720000 - 0x00007ffdd5742000 	C:\Windows\SYSTEM32\WINMM.dll
0x00007ffde7320000 - 0x00007ffde732a000 	C:\Windows\SYSTEM32\VERSION.dll
0x00007ffded9c0000 - 0x00007ffded9c7000 	C:\Windows\system32\PSAPI.DLL
0x00007ffded510000 - 0x00007ffded56a000 	C:\Windows\system32\WS2_32.dll
0x00007ffdd56e0000 - 0x00007ffdd570a000 	C:\Windows\SYSTEM32\WINMMBASE.dll
0x00007ffded850000 - 0x00007ffded859000 	C:\Windows\system32\NSI.dll
0x00007ffdeb610000 - 0x00007ffdeb65f000 	C:\Windows\SYSTEM32\cfgmgr32.dll
0x00007ffdea330000 - 0x00007ffdea358000 	C:\Windows\SYSTEM32\DEVOBJ.dll
0x00007ffde9a30000 - 0x00007ffde9a3f000 	C:\Program Files\Android\Android Studio\jre\jre\bin\verify.dll
0x00007ffde6780000 - 0x00007ffde67a9000 	C:\Program Files\Android\Android Studio\jre\jre\bin\java.dll
0x00007ffdcb510000 - 0x00007ffdcb533000 	C:\Program Files\Android\Android Studio\jre\jre\bin\instrument.dll
0x00007ffde9a10000 - 0x00007ffde9a26000 	C:\Program Files\Android\Android Studio\jre\jre\bin\zip.dll

VM Arguments:
jvm_args: -Didea.test.cyclic.buffer.size=1048576 -javaagent:C:\Program Files\Android\Android Studio\lib\idea_rt.jar=59092:C:\Program Files\Android\Android Studio\bin -Dfile.encoding=UTF-8 
java_command: com.intellij.rt.junit.JUnitStarter -ideVersion5 -junit4 com.example.pc.bagsshoes.ProductDaoTest
java_class_path (initial): C:\Program Files\Android\Android Studio\lib\idea_rt.jar;C:\Program Files\Android\Android Studio\plugins\junit\lib\junit5-rt.jar;C:\Program Files\Android\Android Studio\plugins\junit\lib\junit-rt.jar;C:\Users\pc\AppData\Local\Android\sdk\platforms\android-28\data\res;E:\MKT\Google_Android_Developer_Africa\BagsShoes\app\build\intermediates\javac\debugUnitTest\classes;E:\MKT\Google_Android_Developer_Africa\BagsShoes\app\build\intermediates\javac\debug\classes;E:\MKT\Google_Android_Developer_Africa\BagsShoes\app\build\intermediates\compile_and_runtime_not_namespaced_r_class_jar\debug\R.jar;E:\MKT\Google_Android_Developer_Africa\BagsShoes\app\build\intermediates\unit_test_config_directory\debugUnitTest\out;C:\Users\pc\.gradle\caches\modules-2\files-2.1\androidx.databinding\databinding-common\3.6.3\555fa9bb14c6214e7ebbce7a0a2016d3c9a365f1\databinding-common-3.6.3.jar;C:\Users\pc\.gradle\caches\modules-2\files-2.1\androidx.collection\collection\1.1.0\1f27220b47669781457de0d600849a5de0e89909\collection-1.1.0.jar;C:\Users\pc\.gradle\caches\modules-2\files-2.1\androidx.room\room-common\2.2.5\f5e3b73a0c2ab5e276e26868e4ce3542baede207\room-common-2.2.5.jar;C:\Users\pc\.gradle\caches\modules-2\files-2.1\androidx.arch.core\core-common\2.1.0\b3152fc64428c9354344bd89848ecddc09b6f07e\core-common-2.1.0.jar;C:\Users\pc\.gradle\caches\modules-2\files-2.1\androidx.lifecycle\lifecycle-common\2.2.0\4ef09a745007778eef83b92f8f23987a8ea59496\lifecycle-common-2.2.0.jar;C:\Users\pc\.gradle\caches\modules-2\files-2.1\androidx.annotation\annotation\1.1.0\e3a6fb2f40e3a3842e6b7472628ba4ce416ea4c8\annotation-1.1.0.jar;C:\Users\pc\.gradle\caches\modules-2\files-2.1\com.google.dagger\dagger\2.28\3c1b86e40d4957297d6fde6bdce74b3f48aac49d\dagger-2.28.jar;C:\Users\pc\.gradle\caches\modules-2\files-2.1\javax.inject\javax.inject\1\6975da39a7040257bd51d21a231b76c915872d38\javax.inject-1.jar;C:\Users\pc\.gradle\caches\modules-2\files-2.1\com.google.code.findbugs\jsr305\3.0.1\f7be0
Launcher Type: SUN_STANDARD

Environment Variables:
PATH=C:\Python39\Scripts\;C:\Python39\;C:\Program Files\Microsoft MPI\Bin\;C:\ProgramData\Anaconda3;C:\ProgramData\Anaconda3\Library\mingw-w64\bin;C:\ProgramData\Anaconda3\Library\usr\bin;C:\ProgramData\Anaconda3\Library\bin;C:\ProgramData\Anaconda3\Scripts;C:\Anaconda3;C:\Anaconda3\Library\mingw-w64\bin;C:\Anaconda3\Library\usr\bin;C:\Anaconda3\Library\bin;C:\Anaconda3\Scripts;C:\Program Files (x86)\MiKTeX 2.9\miktex/bin;C:\oraclexe\app\oracle\product\11.2.0\server\bin;C:\ProgramData\Oracle\Java\javapath;C:\Windows\system32;C:\Windows;C:\Windows\System32\Wbem;C:\Windows\System32\WindowsPowerShell\v1.0\;C:\Program Files\Git\cmd;C:\Program Files\Microsoft SQL Server\110\Tools\Binn\;C:\Program Files (x86)\Windows Kits\8.1\Windows Performance Toolkit\;C:\Program Files\MiKTeX 2.9\miktex\bin\x64\;E:\Matlab\runtime\win64;E:\Matlab\bin;C:\Program Files\MATLAB\MATLAB Production Server\R2015a\runtime\win64;C:\Program Files\MATLAB\MATLAB Production Server\R2015a\bin;C:\Program Files\MATLAB\MATLAB Production Server\R2015a\polyspace\bin;E:\Matlab\polyspace\bin;C:\Program Files (x86)\OpenSSH\bin;C:\Program Files (x86)\BaseX\bin;C:\Program Files (x86)\Google\Cloud SDK\google-cloud-sdk\bin;C:\wamp\bin\php\php5.4.3;C:\wamp\www\Reparili;??C:\symmetric-server-3.9.11\bin;C:\Program Files\Microsoft SQL Server\Client SDK\ODBC\130\Tools\Binn\;C:\Program Files (x86)\Microsoft SQL Server\140\Tools\Binn\;C:\Program Files\Microsoft SQL Server\140\Tools\Binn\;C:\Program Files\Microsoft SQL Server\140\DTS\Binn\;C:\Program Files (x86)\Microsoft SQL Server\140\DTS\Binn\;C:\Program Files (x86)\Microsoft SQL Server\150\DTS\Binn\;C:\Program Files\Amazon\AWSCLIV2\;C:\Program Files\Amazon\AWSCLI\bin\;C:\ProgramData\chocolatey\bin;C:\Program Files\nodejs\;C:\Program Files (x86)\Microsoft VS Code\bin;C:\Program Files\Amazon\AWSCLI\bin\aws.exe;?C:\Program Files (x86)\UnxUtils\usr\local\wbin;C:\src\flutter\bin;?C:\Program Files\PostgreSQL\13\bin;C:\Users\pc\AppData\Roaming\npm
USERNAME=pc
OS=Windows_NT
PROCESSOR_IDENTIFIER=Intel64 Family 6 Model 69 Stepping 1, GenuineIntel



---------------  S Y S T E M  ---------------

OS: Windows 8.1 , 64 bit Build 9600 (6.3.9600.17415)

CPU:total 4 (initial active 4) (2 cores per cpu, 2 threads per core) family 6 model 69 stepping 1, cmov, cx8, fxsr, mmx, sse, sse2, sse3, ssse3, sse4.1, sse4.2, popcnt, avx, avx2, aes, clmul, erms, lzcnt, ht, tsc, tscinvbit, bmi1, bmi2

Memory: 4k page, physical 12476780k(2401408k free), swap 12476780k(5740k free)

vm_info: OpenJDK 64-Bit Server VM (25.242-b01) for windows-amd64 JRE (1.8.0_242-release-1644-b01), built by "builder" with MS VC++ 10.0 (VS2010)

time: Fri Nov 27 16:21:53 2020
timezone: Afr. centrale Ouest
elapsed time: 0 seconds (0d 0h 0m 0s)

