#
# There is insufficient memory for the Java Runtime Environment to continue.
# Native memory allocation (malloc) failed to allocate 325488 bytes for Chunk::new
# Possible reasons:
#   The system is out of physical RAM or swap space
#   The process is running with CompressedOops enabled, and the Java Heap may be blocking the growth of the native heap
# Possible solutions:
#   Reduce memory load on the system
#   Increase physical memory or swap space
#   Check if swap backing store is full
#   Decrease Java heap size (-Xmx/-Xms)
#   Decrease number of Java threads
#   Decrease Java thread stack sizes (-Xss)
#   Set larger code cache with -XX:ReservedCodeCacheSize=
#   JVM is running with Zero Based Compressed Oops mode in which the Java heap is
#     placed in the first 32GB address space. The Java Heap base address is the
#     maximum limit for the native heap growth. Please use -XX:HeapBaseMinAddress
#     to set the Java Heap base and to place the Java Heap above 32GB virtual address.
# This output file may be truncated or incomplete.
#
#  Out of Memory Error (allocation.cpp:389), pid=5008, tid=0x00000000000039f8
#
# JRE version: OpenJDK Runtime Environment (8.0_242-b01) (build 1.8.0_242-release-1644-b01)
# Java VM: OpenJDK 64-Bit Server VM (25.242-b01 mixed mode windows-amd64 compressed oops)
# Failed to write core dump. Minidumps are not enabled by default on client versions of Windows
#

---------------  T H R E A D  ---------------

Current thread (0x0000000019a46800):  JavaThread "C2 CompilerThread1" daemon [_thread_in_native, id=14840, stack(0x000000001b660000,0x000000001b760000)]

Stack: [0x000000001b660000,0x000000001b760000]
[error occurred during error reporting (printing stack bounds), id 0xc0000005]

Native frames: (J=compiled Java code, j=interpreted, Vv=VM code, C=native code)


Current CompileTask:
C2:    891  168       4       java.io.WinNTFileSystem::normalize (143 bytes)


---------------  P R O C E S S  ---------------

Java Threads: ( => current thread )
  0x000000001b12e000 JavaThread "Service Thread" daemon [_thread_blocked, id=9192, stack(0x000000001b860000,0x000000001b960000)]
  0x000000001b0e6800 JavaThread "C1 CompilerThread2" daemon [_thread_blocked, id=1004, stack(0x000000001b760000,0x000000001b860000)]
=>0x0000000019a46800 JavaThread "C2 CompilerThread1" daemon [_thread_in_native, id=14840, stack(0x000000001b660000,0x000000001b760000)]
  0x0000000019a43800 JavaThread "C2 CompilerThread0" daemon [_thread_blocked, id=13120, stack(0x000000001b560000,0x000000001b660000)]
  0x000000001b0a2800 JavaThread "Monitor Ctrl-Break" daemon [_thread_in_native, id=8016, stack(0x000000001b460000,0x000000001b560000)]
  0x0000000019a17800 JavaThread "Attach Listener" daemon [_thread_blocked, id=13940, stack(0x000000001af60000,0x000000001b060000)]
  0x0000000019a16800 JavaThread "Signal Dispatcher" daemon [_thread_blocked, id=14924, stack(0x000000001ae60000,0x000000001af60000)]
  0x00000000199f4800 JavaThread "Finalizer" daemon [_thread_blocked, id=2984, stack(0x000000001ac60000,0x000000001ad60000)]
  0x00000000199e9800 JavaThread "Reference Handler" daemon [_thread_blocked, id=13632, stack(0x000000001ab60000,0x000000001ac60000)]
  0x00000000026c6800 JavaThread "main" [_thread_in_native, id=13380, stack(0x00000000025c0000,0x00000000026c0000)]

Other Threads:
  0x00000000199c8800 VMThread [stack: 0x000000001aa60000,0x000000001ab60000] [id=4908]
  0x000000001b12d000 WatcherThread [stack: 0x000000001b960000,0x000000001ba60000] [id=10428]

VM state:not at safepoint (normal execution)

VM Mutex/Monitor currently owned by a thread: None

heap address: 0x0000000701800000, size: 3048 MB, Compressed Oops mode: Zero based, Oop shift amount: 3
Narrow klass base: 0x0000000000000000, Narrow klass shift: 3
Compressed class space size: 1073741824 Address: 0x00000007c0000000

Heap:
 PSYoungGen      total 57344K, used 10826K [0x0000000780800000, 0x0000000784800000, 0x00000007c0000000)
  eden space 49152K, 22% used [0x0000000780800000,0x00000007812929a8,0x0000000783800000)
  from space 8192K, 0% used [0x0000000784000000,0x0000000784000000,0x0000000784800000)
  to   space 8192K, 0% used [0x0000000783800000,0x0000000783800000,0x0000000784000000)
 ParOldGen       total 131072K, used 0K [0x0000000701800000, 0x0000000709800000, 0x0000000780800000)
  object space 131072K, 0% used [0x0000000701800000,0x0000000701800000,0x0000000709800000)
 Metaspace       used 3566K, capacity 4728K, committed 4864K, reserved 1056768K
  class space    used 376K, capacity 424K, committed 512K, reserved 1048576K

Card table byte_map: [0x0000000011d20000,0x0000000012320000] byte_map_base: 0x000000000e514000

Marking Bits: (ParMarkBitMap*) 0x000000007038f030
 Begin Bits: [0x0000000012b20000, 0x0000000015ac0000)
 End Bits:   [0x0000000015ac0000, 0x0000000018a60000)

Polling page: 0x0000000000e40000

CodeCache: size=245760Kb used=1657Kb max_used=1669Kb free=244102Kb
 bounds [0x0000000002960000, 0x0000000002bd0000, 0x0000000011960000]
 total_blobs=453 nmethods=195 adapters=171
 compilation: enabled

Compilation events (10 events):
Event: 0.815 Thread 0x000000001b0e6800 nmethod 184 0x0000000002af7490 code [0x0000000002af75e0, 0x0000000002af77f0]
Event: 0.825 Thread 0x0000000019a43800  185       4       java.lang.String::getChars (62 bytes)
Event: 0.828 Thread 0x0000000019a43800 nmethod 185 0x0000000002afa650 code [0x0000000002afa7a0, 0x0000000002afa918]
Event: 0.833 Thread 0x000000001b0e6800  186       1       java.util.zip.ZipCoder::isUTF8 (5 bytes)
Event: 0.833 Thread 0x000000001b0e6800 nmethod 186 0x0000000002afa390 code [0x0000000002afa4e0, 0x0000000002afa5f0]
Event: 0.833 Thread 0x000000001b0e6800  187   !   3       java.util.concurrent.ConcurrentHashMap::putVal (362 bytes)
Event: 0.837 Thread 0x000000001b0e6800 nmethod 187 0x0000000002af7a90 code [0x0000000002af7d40, 0x0000000002af9718]
Event: 0.845 Thread 0x000000001b0e6800  188  s    3       java.util.Vector::addElement (38 bytes)
Event: 0.846 Thread 0x0000000019a43800  189       4       java.lang.AbstractStringBuilder::append (50 bytes)
Event: 0.846 Thread 0x000000001b0e6800 nmethod 188 0x0000000002afaa90 code [0x0000000002afac20, 0x0000000002afb148]

GC Heap History (0 events):
No events

Deoptimization events (0 events):
No events

Classes redefined (0 events):
No events

Internal exceptions (10 events):
Event: 0.633 Thread 0x00000000026c6800 Exception <a 'java/util/zip/ZipException'> (0x0000000780cdc210) thrown at [C:\src\AOSP-openjdk-git\hotspot\src\share\vm\prims\jni.cpp, line 710]
Event: 0.633 Thread 0x00000000026c6800 Exception <a 'java/security/PrivilegedActionException'> (0x0000000780cdc418) thrown at [C:\src\AOSP-openjdk-git\hotspot\src\share\vm\prims\jvm.cpp, line 1502]
Event: 0.633 Thread 0x00000000026c6800 Exception <a 'java/security/PrivilegedActionException'> (0x0000000780cdc628) thrown at [C:\src\AOSP-openjdk-git\hotspot\src\share\vm\prims\jvm.cpp, line 1502]
Event: 0.635 Thread 0x00000000026c6800 Exception <a 'java/util/zip/ZipException'> (0x0000000780cdf8c0) thrown at [C:\src\AOSP-openjdk-git\hotspot\src\share\vm\prims\jni.cpp, line 710]
Event: 0.635 Thread 0x00000000026c6800 Exception <a 'java/security/PrivilegedActionException'> (0x0000000780cdfac8) thrown at [C:\src\AOSP-openjdk-git\hotspot\src\share\vm\prims\jvm.cpp, line 1502]
Event: 0.635 Thread 0x00000000026c6800 Exception <a 'java/security/PrivilegedActionException'> (0x0000000780cdfcd8) thrown at [C:\src\AOSP-openjdk-git\hotspot\src\share\vm\prims\jvm.cpp, line 1502]
Event: 0.637 Thread 0x00000000026c6800 Exception <a 'java/util/zip/ZipException'> (0x0000000780ce42a8) thrown at [C:\src\AOSP-openjdk-git\hotspot\src\share\vm\prims\jni.cpp, line 710]
Event: 0.637 Thread 0x00000000026c6800 Exception <a 'java/security/PrivilegedActionException'> (0x0000000780ce44b0) thrown at [C:\src\AOSP-openjdk-git\hotspot\src\share\vm\prims\jvm.cpp, line 1502]
Event: 0.638 Thread 0x00000000026c6800 Exception <a 'java/security/PrivilegedActionException'> (0x0000000780ce46c0) thrown at [C:\src\AOSP-openjdk-git\hotspot\src\share\vm\prims\jvm.cpp, line 1502]
Event: 0.728 Thread 0x00000000026c6800 Exception <a 'java/io/FileNotFoundException'> (0x0000000780e0fac0) thrown at [C:\src\AOSP-openjdk-git\hotspot\src\share\vm\prims\jni.cpp, line 710]

Events (10 events):
Event: 0.834 loading class org/junit/runner/Request$1
Event: 0.834 loading class org/junit/runner/Request$1 done
Event: 0.837 loading class org/junit/runners/model/InitializationError
Event: 0.837 loading class org/junit/runners/model/InitializationError done
Event: 0.841 loading class org/junit/runners/model/RunnerBuilder
Event: 0.841 loading class org/junit/runners/model/RunnerBuilder done
Event: 0.845 loading class org/junit/internal/builders/AllDefaultPossibilitiesBuilder
Event: 0.845 loading class org/junit/internal/builders/AllDefaultPossibilitiesBuilder done
Event: 0.851 loading class org/junit/internal/builders/SuiteMethodBuilder
Event: 0.851 loading class org/junit/internal/builders/SuiteMethodBuilder done


Dynamic libraries:
0x00007ff660c90000 - 0x00007ff660cc1000 	C:\Program Files\Android\Android Studio\jre\bin\java.exe
0x00007ffdee3f0000 - 0x00007ffdee59c000 	C:\Windows\SYSTEM32\ntdll.dll
0x00007ffdee250000 - 0x00007ffdee38e000 	C:\Windows\system32\KERNEL32.DLL
0x00007ffdeb8f0000 - 0x00007ffdeba05000 	C:\Windows\system32\KERNELBASE.dll
0x00007ffded9d0000 - 0x00007ffdeda7a000 	C:\Windows\system32\ADVAPI32.dll
0x00007ffdeda80000 - 0x00007ffdedbf7000 	C:\Windows\system32\USER32.dll
0x00007ffde9630000 - 0x00007ffde98ab000 	C:\Windows\WinSxS\amd64_microsoft.windows.common-controls_6595b64144ccf1df_6.0.9600.17415_none_6240486fecbd8abb\COMCTL32.dll
0x00007ffdedd80000 - 0x00007ffdede2a000 	C:\Windows\system32\msvcrt.dll
0x00007ffdedd20000 - 0x00007ffdedd79000 	C:\Windows\SYSTEM32\sechost.dll
0x00007ffded2f0000 - 0x00007ffded431000 	C:\Windows\system32\RPCRT4.dll
0x00007ffdee0b0000 - 0x00007ffdee201000 	C:\Windows\system32\GDI32.dll
0x00007ffdee210000 - 0x00007ffdee246000 	C:\Windows\system32\IMM32.DLL
0x00007ffded860000 - 0x00007ffded9b2000 	C:\Windows\system32\MSCTF.dll
0x000000006fae0000 - 0x000000006fbb2000 	C:\Program Files\Android\Android Studio\jre\jre\bin\msvcr100.dll
0x000000006fbc0000 - 0x000000007040b000 	C:\Program Files\Android\Android Studio\jre\jre\bin\server\jvm.dll
0x00007ffdd55c0000 - 0x00007ffdd55c9000 	C:\Windows\SYSTEM32\WSOCK32.dll
0x00007ffdd5720000 - 0x00007ffdd5742000 	C:\Windows\SYSTEM32\WINMM.dll
0x00007ffde7320000 - 0x00007ffde732a000 	C:\Windows\SYSTEM32\VERSION.dll
0x00007ffded9c0000 - 0x00007ffded9c7000 	C:\Windows\system32\PSAPI.DLL
0x00007ffded510000 - 0x00007ffded56a000 	C:\Windows\system32\WS2_32.dll
0x00007ffdd56e0000 - 0x00007ffdd570a000 	C:\Windows\SYSTEM32\WINMMBASE.dll
0x00007ffded850000 - 0x00007ffded859000 	C:\Windows\system32\NSI.dll
0x00007ffdeb610000 - 0x00007ffdeb65f000 	C:\Windows\SYSTEM32\cfgmgr32.dll
0x00007ffdea330000 - 0x00007ffdea358000 	C:\Windows\SYSTEM32\DEVOBJ.dll
0x00007ffde9a30000 - 0x00007ffde9a3f000 	C:\Program Files\Android\Android Studio\jre\jre\bin\verify.dll
0x00007ffde6780000 - 0x00007ffde67a9000 	C:\Program Files\Android\Android Studio\jre\jre\bin\java.dll
0x00007ffdca980000 - 0x00007ffdca9a3000 	C:\Program Files\Android\Android Studio\jre\jre\bin\instrument.dll
0x00007ffde9a10000 - 0x00007ffde9a26000 	C:\Program Files\Android\Android Studio\jre\jre\bin\zip.dll
0x00007ffdebdd0000 - 0x00007ffded2e8000 	C:\Windows\system32\SHELL32.dll
0x00007ffded570000 - 0x00007ffded781000 	C:\Windows\SYSTEM32\combase.dll
0x00007ffdee390000 - 0x00007ffdee3e4000 	C:\Windows\system32\SHLWAPI.dll
0x00007ffde9ab0000 - 0x00007ffde9b62000 	C:\Windows\SYSTEM32\SHCORE.dll
0x00007ffdeb540000 - 0x00007ffdeb555000 	C:\Windows\SYSTEM32\profapi.dll
0x00007ffdcf6b0000 - 0x00007ffdcf6ca000 	C:\Program Files\Android\Android Studio\bin\breakgen64.dll
0x00007ffde88b0000 - 0x00007ffde88ca000 	C:\Program Files\Android\Android Studio\jre\jre\bin\net.dll
0x00007ffdead50000 - 0x00007ffdeada9000 	C:\Windows\system32\mswsock.dll

VM Arguments:
jvm_args: -Didea.test.cyclic.buffer.size=1048576 -javaagent:C:\Program Files\Android\Android Studio\lib\idea_rt.jar=15247:C:\Program Files\Android\Android Studio\bin -Dfile.encoding=UTF-8 
java_command: com.intellij.rt.junit.JUnitStarter -ideVersion5 -junit4 com.example.pc.bagsshoes.ProductAPIServiceTest
java_class_path (initial): C:\Program Files\Android\Android Studio\lib\idea_rt.jar;C:\Program Files\Android\Android Studio\plugins\junit\lib\junit5-rt.jar;C:\Program Files\Android\Android Studio\plugins\junit\lib\junit-rt.jar;C:\Users\pc\AppData\Local\Android\sdk\platforms\android-28\data\res;E:\MKT\Google_Android_Developer_Africa\BagsShoes\app\build\intermediates\javac\debugUnitTest\classes;E:\MKT\Google_Android_Developer_Africa\BagsShoes\app\build\intermediates\javac\debug\classes;E:\MKT\Google_Android_Developer_Africa\BagsShoes\app\build\intermediates\compile_and_runtime_not_namespaced_r_class_jar\debug\R.jar;E:\MKT\Google_Android_Developer_Africa\BagsShoes\app\build\intermediates\unit_test_config_directory\debugUnitTest\out;C:\Users\pc\.gradle\caches\modules-2\files-2.1\androidx.databinding\databinding-common\3.6.3\555fa9bb14c6214e7ebbce7a0a2016d3c9a365f1\databinding-common-3.6.3.jar;C:\Users\pc\.gradle\caches\modules-2\files-2.1\androidx.collection\collection\1.1.0\1f27220b47669781457de0d600849a5de0e89909\collection-1.1.0.jar;C:\Users\pc\.gradle\caches\modules-2\files-2.1\androidx.room\room-common\2.2.5\f5e3b73a0c2ab5e276e26868e4ce3542baede207\room-common-2.2.5.jar;C:\Users\pc\.gradle\caches\modules-2\files-2.1\androidx.arch.core\core-common\2.1.0\b3152fc64428c9354344bd89848ecddc09b6f07e\core-common-2.1.0.jar;C:\Users\pc\.gradle\caches\modules-2\files-2.1\androidx.lifecycle\lifecycle-common\2.2.0\4ef09a745007778eef83b92f8f23987a8ea59496\lifecycle-common-2.2.0.jar;C:\Users\pc\.gradle\caches\modules-2\files-2.1\androidx.annotation\annotation\1.1.0\e3a6fb2f40e3a3842e6b7472628ba4ce416ea4c8\annotation-1.1.0.jar;C:\Users\pc\.gradle\caches\modules-2\files-2.1\com.google.dagger\dagger\2.28\3c1b86e40d4957297d6fde6bdce74b3f48aac49d\dagger-2.28.jar;C:\Users\pc\.gradle\caches\modules-2\files-2.1\javax.inject\javax.inject\1\6975da39a7040257bd51d21a231b76c915872d38\javax.inject-1.jar;C:\Users\pc\.gradle\caches\modules-2\files-2.1\com.google.code.findbugs\jsr305\3.0.1\f7be0
Launcher Type: SUN_STANDARD

Environment Variables:
PATH=C:\Python39\Scripts\;C:\Python39\;C:\Program Files\Microsoft MPI\Bin\;C:\ProgramData\Anaconda3;C:\ProgramData\Anaconda3\Library\mingw-w64\bin;C:\ProgramData\Anaconda3\Library\usr\bin;C:\ProgramData\Anaconda3\Library\bin;C:\ProgramData\Anaconda3\Scripts;C:\Anaconda3;C:\Anaconda3\Library\mingw-w64\bin;C:\Anaconda3\Library\usr\bin;C:\Anaconda3\Library\bin;C:\Anaconda3\Scripts;C:\Program Files (x86)\MiKTeX 2.9\miktex/bin;C:\oraclexe\app\oracle\product\11.2.0\server\bin;C:\ProgramData\Oracle\Java\javapath;C:\Windows\system32;C:\Windows;C:\Windows\System32\Wbem;C:\Windows\System32\WindowsPowerShell\v1.0\;C:\Program Files\Git\cmd;C:\Program Files\Microsoft SQL Server\110\Tools\Binn\;C:\Program Files (x86)\Windows Kits\8.1\Windows Performance Toolkit\;C:\Program Files\MiKTeX 2.9\miktex\bin\x64\;E:\Matlab\runtime\win64;E:\Matlab\bin;C:\Program Files\MATLAB\MATLAB Production Server\R2015a\runtime\win64;C:\Program Files\MATLAB\MATLAB Production Server\R2015a\bin;C:\Program Files\MATLAB\MATLAB Production Server\R2015a\polyspace\bin;E:\Matlab\polyspace\bin;C:\Program Files (x86)\OpenSSH\bin;C:\Program Files (x86)\BaseX\bin;C:\Program Files (x86)\Google\Cloud SDK\google-cloud-sdk\bin;C:\wamp\bin\php\php5.4.3;C:\wamp\www\Reparili;??C:\symmetric-server-3.9.11\bin;C:\Program Files\Microsoft SQL Server\Client SDK\ODBC\130\Tools\Binn\;C:\Program Files (x86)\Microsoft SQL Server\140\Tools\Binn\;C:\Program Files\Microsoft SQL Server\140\Tools\Binn\;C:\Program Files\Microsoft SQL Server\140\DTS\Binn\;C:\Program Files (x86)\Microsoft SQL Server\140\DTS\Binn\;C:\Program Files (x86)\Microsoft SQL Server\150\DTS\Binn\;C:\Program Files\Amazon\AWSCLIV2\;C:\Program Files\Amazon\AWSCLI\bin\;C:\ProgramData\chocolatey\bin;C:\Program Files\nodejs\;C:\Program Files (x86)\Microsoft VS Code\bin;C:\Program Files\Amazon\AWSCLI\bin\aws.exe;?C:\Program Files (x86)\UnxUtils\usr\local\wbin;C:\src\flutter\bin;?C:\Program Files\PostgreSQL\13\bin;C:\Users\pc\AppData\Roaming\npm
USERNAME=pc
OS=Windows_NT
PROCESSOR_IDENTIFIER=Intel64 Family 6 Model 69 Stepping 1, GenuineIntel



---------------  S Y S T E M  ---------------

OS: Windows 8.1 , 64 bit Build 9600 (6.3.9600.17415)

CPU:total 4 (initial active 4) (2 cores per cpu, 2 threads per core) family 6 model 69 stepping 1, cmov, cx8, fxsr, mmx, sse, sse2, sse3, ssse3, sse4.1, sse4.2, popcnt, avx, avx2, aes, clmul, erms, lzcnt, ht, tsc, tscinvbit, bmi1, bmi2

Memory: 4k page, physical 12476780k(3251452k free), swap 12476780k(5056k free)

vm_info: OpenJDK 64-Bit Server VM (25.242-b01) for windows-amd64 JRE (1.8.0_242-release-1644-b01), built by "builder" with MS VC++ 10.0 (VS2010)

time: Tue Nov 17 16:23:06 2020
timezone: Afr. centrale Ouest
elapsed time: 0 seconds (0d 0h 0m 0s)

